<?xml version="1.0" encoding="UTF-8"?>
<!-- Generated by org.testng.reporters.JUnitReportReporter -->
<testsuite hostname="LAPTOP-QG1G9QI5" failures="0" tests="4" name="com.crm.qa.testcases.HomePageTest" time="29.607" errors="0" timestamp="30 Dec 2019 20:18:26 GMT" skipped="0">
  <testcase classname="com.crm.qa.testcases.HomePageTest" name="homePageTitleTest" time="7.658"/>
  <testcase classname="com.crm.qa.testcases.HomePageTest" name="validateUserNameTest" time="7.463"/>
  <testcase classname="com.crm.qa.testcases.HomePageTest" name="verifyAddressesLink" time="7.255"/>
  <testcase classname="com.crm.qa.testcases.HomePageTest" name="verifyOrdersLink" time="7.231"/>
</testsuite> <!-- com.crm.qa.testcases.HomePageTest -->
