<?xml version="1.0" encoding="UTF-8"?>
<!-- Generated by org.testng.reporters.JUnitReportReporter -->
<testsuite hostname="LAPTOP-QG1G9QI5" failures="0" tests="3" name="com.cogmento.qa.testcases.LoginPageTest" time="17.057" errors="0" timestamp="30 Dec 2019 21:32:43 GMT" skipped="0">
  <testcase classname="com.cogmento.qa.testcases.LoginPageTest" name="loginPageTitleTest" time="5.670"/>
  <testcase classname="com.cogmento.qa.testcases.LoginPageTest" name="loginTest" time="5.571"/>
  <testcase classname="com.cogmento.qa.testcases.LoginPageTest" name="forgotPwLinkTest" time="5.816"/>
</testsuite> <!-- com.cogmento.qa.testcases.LoginPageTest -->
